DEB [20250130-11:04:06.934] thr=1   paramiko.transport: starting thread (client mode): 0xd33e6510
DEB [20250130-11:04:06.934] thr=1   paramiko.transport: Local version/idstring: SSH-2.0-paramiko_3.5.0
DEB [20250130-11:04:06.951] thr=1   paramiko.transport: Remote version/idstring: SSH-2.0-OpenSSH_7.4
INF [20250130-11:04:06.952] thr=1   paramiko.transport: Connected (version 2.0, client OpenSSH_7.4)
DEB [20250130-11:04:06.956] thr=1   paramiko.transport: === Key exchange possibilities ===
DEB [20250130-11:04:06.956] thr=1   paramiko.transport: kex algos: curve25519-sha256, curve25519-sha256@libssh.org, ecdh-sha2-nistp256, ecdh-sha2-nistp384, ecdh-sha2-nistp521, diffie-hellman-group-exchange-sha256, diffie-hellman-group16-sha512, diffie-hellman-group18-sha512, diffie-hellman-group-exchange-sha1, diffie-hellman-group14-sha256, diffie-hellman-group14-sha1, diffie-hellman-group1-sha1
DEB [20250130-11:04:06.957] thr=1   paramiko.transport: server key: ssh-rsa, rsa-sha2-512, rsa-sha2-256, ecdsa-sha2-nistp256, ssh-ed25519
DEB [20250130-11:04:06.958] thr=1   paramiko.transport: client encrypt: chacha20-poly1305@openssh.com, aes128-ctr, aes192-ctr, aes256-ctr, aes128-gcm@openssh.com, aes256-gcm@openssh.com, aes128-cbc, aes192-cbc, aes256-cbc, blowfish-cbc, cast128-cbc, 3des-cbc
DEB [20250130-11:04:06.958] thr=1   paramiko.transport: server encrypt: chacha20-poly1305@openssh.com, aes128-ctr, aes192-ctr, aes256-ctr, aes128-gcm@openssh.com, aes256-gcm@openssh.com, aes128-cbc, aes192-cbc, aes256-cbc, blowfish-cbc, cast128-cbc, 3des-cbc
DEB [20250130-11:04:06.958] thr=1   paramiko.transport: client mac: umac-64-etm@openssh.com, umac-128-etm@openssh.com, hmac-sha2-256-etm@openssh.com, hmac-sha2-512-etm@openssh.com, hmac-sha1-etm@openssh.com, umac-64@openssh.com, umac-128@openssh.com, hmac-sha2-256, hmac-sha2-512, hmac-sha1
DEB [20250130-11:04:07.016] thr=1   paramiko.transport: server mac: umac-64-etm@openssh.com, umac-128-etm@openssh.com, hmac-sha2-256-etm@openssh.com, hmac-sha2-512-etm@openssh.com, hmac-sha1-etm@openssh.com, umac-64@openssh.com, umac-128@openssh.com, hmac-sha2-256, hmac-sha2-512, hmac-sha1
DEB [20250130-11:04:07.017] thr=1   paramiko.transport: client compress: none, zlib@openssh.com
DEB [20250130-11:04:07.018] thr=1   paramiko.transport: server compress: none, zlib@openssh.com
DEB [20250130-11:04:07.019] thr=1   paramiko.transport: client lang: <none>
DEB [20250130-11:04:07.019] thr=1   paramiko.transport: server lang: <none>
DEB [20250130-11:04:07.020] thr=1   paramiko.transport: kex follows: False
DEB [20250130-11:04:07.071] thr=1   paramiko.transport: === Key exchange agreements ===
DEB [20250130-11:04:07.072] thr=1   paramiko.transport: Kex: curve25519-sha256@libssh.org
DEB [20250130-11:04:07.073] thr=1   paramiko.transport: HostKey: ssh-ed25519
DEB [20250130-11:04:07.075] thr=1   paramiko.transport: Cipher: aes128-ctr
DEB [20250130-11:04:07.078] thr=1   paramiko.transport: MAC: hmac-sha2-256
DEB [20250130-11:04:07.079] thr=1   paramiko.transport: Compression: none
DEB [20250130-11:04:07.080] thr=1   paramiko.transport: === End of kex handshake ===
DEB [20250130-11:04:07.122] thr=1   paramiko.transport: kex engine KexCurve25519 specified hash_algo <built-in function openssl_sha256>
DEB [20250130-11:04:07.123] thr=1   paramiko.transport: Switch to new keys ...
DEB [20250130-11:04:07.124] thr=2   paramiko.transport: Attempting password auth...
DEB [20250130-11:04:07.124] thr=1   paramiko.transport: Got EXT_INFO: {'server-sig-algs': b'rsa-sha2-256,rsa-sha2-512'}
DEB [20250130-11:04:07.167] thr=1   paramiko.transport: userauth is OK
INF [20250130-11:04:07.212] thr=1   paramiko.transport: Authentication (password) successful!
DEB [20250130-11:04:07.212] thr=2   paramiko.transport: [chan 0] Max packet in: 32768 bytes
DEB [20250130-11:04:07.483] thr=1   paramiko.transport: Received global request "hostkeys-00@openssh.com"
DEB [20250130-11:04:07.483] thr=1   paramiko.transport: Rejecting "hostkeys-00@openssh.com" global request from server.
DEB [20250130-11:04:07.536] thr=1   paramiko.transport: [chan 0] Max packet out: 32768 bytes
DEB [20250130-11:04:07.536] thr=1   paramiko.transport: Secsh channel 0 opened.
DEB [20250130-11:04:07.543] thr=1   paramiko.transport: [chan 0] Sesch channel 0 request ok
INF [20250130-11:04:07.546] thr=2   paramiko.transport.sftp: [chan 0] Opened sftp connection (server version 3)
DEB [20250130-11:04:07.546] thr=1   paramiko.transport: EOF in transport thread
DEB [20250130-11:04:07.546] thr=2   paramiko.transport.sftp: [chan 0] listdir(b'.')
DEB [20250130-11:11:18.946] thr=1   paramiko.transport: starting thread (client mode): 0xfe8c6510
DEB [20250130-11:11:18.952] thr=1   paramiko.transport: Local version/idstring: SSH-2.0-paramiko_3.5.0
DEB [20250130-11:11:18.961] thr=1   paramiko.transport: Remote version/idstring: SSH-2.0-OpenSSH_7.4
INF [20250130-11:11:18.962] thr=1   paramiko.transport: Connected (version 2.0, client OpenSSH_7.4)
DEB [20250130-11:11:18.966] thr=1   paramiko.transport: === Key exchange possibilities ===
DEB [20250130-11:11:18.966] thr=1   paramiko.transport: kex algos: curve25519-sha256, curve25519-sha256@libssh.org, ecdh-sha2-nistp256, ecdh-sha2-nistp384, ecdh-sha2-nistp521, diffie-hellman-group-exchange-sha256, diffie-hellman-group16-sha512, diffie-hellman-group18-sha512, diffie-hellman-group-exchange-sha1, diffie-hellman-group14-sha256, diffie-hellman-group14-sha1, diffie-hellman-group1-sha1
DEB [20250130-11:11:18.976] thr=1   paramiko.transport: server key: ssh-rsa, rsa-sha2-512, rsa-sha2-256, ecdsa-sha2-nistp256, ssh-ed25519
DEB [20250130-11:11:18.976] thr=1   paramiko.transport: client encrypt: chacha20-poly1305@openssh.com, aes128-ctr, aes192-ctr, aes256-ctr, aes128-gcm@openssh.com, aes256-gcm@openssh.com, aes128-cbc, aes192-cbc, aes256-cbc, blowfish-cbc, cast128-cbc, 3des-cbc
DEB [20250130-11:11:18.976] thr=1   paramiko.transport: server encrypt: chacha20-poly1305@openssh.com, aes128-ctr, aes192-ctr, aes256-ctr, aes128-gcm@openssh.com, aes256-gcm@openssh.com, aes128-cbc, aes192-cbc, aes256-cbc, blowfish-cbc, cast128-cbc, 3des-cbc
DEB [20250130-11:11:18.977] thr=1   paramiko.transport: client mac: umac-64-etm@openssh.com, umac-128-etm@openssh.com, hmac-sha2-256-etm@openssh.com, hmac-sha2-512-etm@openssh.com, hmac-sha1-etm@openssh.com, umac-64@openssh.com, umac-128@openssh.com, hmac-sha2-256, hmac-sha2-512, hmac-sha1
DEB [20250130-11:11:18.977] thr=1   paramiko.transport: server mac: umac-64-etm@openssh.com, umac-128-etm@openssh.com, hmac-sha2-256-etm@openssh.com, hmac-sha2-512-etm@openssh.com, hmac-sha1-etm@openssh.com, umac-64@openssh.com, umac-128@openssh.com, hmac-sha2-256, hmac-sha2-512, hmac-sha1
DEB [20250130-11:11:18.978] thr=1   paramiko.transport: client compress: none, zlib@openssh.com
DEB [20250130-11:11:18.978] thr=1   paramiko.transport: server compress: none, zlib@openssh.com
DEB [20250130-11:11:18.978] thr=1   paramiko.transport: client lang: <none>
DEB [20250130-11:11:18.978] thr=1   paramiko.transport: server lang: <none>
DEB [20250130-11:11:18.979] thr=1   paramiko.transport: kex follows: False
DEB [20250130-11:11:18.979] thr=1   paramiko.transport: === Key exchange agreements ===
DEB [20250130-11:11:18.979] thr=1   paramiko.transport: Kex: curve25519-sha256@libssh.org
DEB [20250130-11:11:18.979] thr=1   paramiko.transport: HostKey: ssh-ed25519
DEB [20250130-11:11:18.980] thr=1   paramiko.transport: Cipher: aes128-ctr
DEB [20250130-11:11:18.980] thr=1   paramiko.transport: MAC: hmac-sha2-256
DEB [20250130-11:11:18.980] thr=1   paramiko.transport: Compression: none
DEB [20250130-11:11:18.980] thr=1   paramiko.transport: === End of kex handshake ===
DEB [20250130-11:11:19.232] thr=1   paramiko.transport: kex engine KexCurve25519 specified hash_algo <built-in function openssl_sha256>
DEB [20250130-11:11:19.353] thr=1   paramiko.transport: Switch to new keys ...
DEB [20250130-11:11:19.380] thr=1   paramiko.transport: EOF in transport thread
DEB [20250130-11:34:45.379] thr=1   paramiko.transport: starting thread (client mode): 0x199e6510
DEB [20250130-11:34:45.399] thr=1   paramiko.transport: Local version/idstring: SSH-2.0-paramiko_3.5.0
DEB [20250130-11:34:45.428] thr=1   paramiko.transport: Remote version/idstring: SSH-2.0-OpenSSH_7.4
INF [20250130-11:34:45.429] thr=1   paramiko.transport: Connected (version 2.0, client OpenSSH_7.4)
DEB [20250130-11:34:45.442] thr=1   paramiko.transport: === Key exchange possibilities ===
DEB [20250130-11:34:45.443] thr=1   paramiko.transport: kex algos: curve25519-sha256, curve25519-sha256@libssh.org, ecdh-sha2-nistp256, ecdh-sha2-nistp384, ecdh-sha2-nistp521, diffie-hellman-group-exchange-sha256, diffie-hellman-group16-sha512, diffie-hellman-group18-sha512, diffie-hellman-group-exchange-sha1, diffie-hellman-group14-sha256, diffie-hellman-group14-sha1, diffie-hellman-group1-sha1
DEB [20250130-11:34:45.444] thr=1   paramiko.transport: server key: ssh-rsa, rsa-sha2-512, rsa-sha2-256, ecdsa-sha2-nistp256, ssh-ed25519
DEB [20250130-11:34:45.444] thr=1   paramiko.transport: client encrypt: chacha20-poly1305@openssh.com, aes128-ctr, aes192-ctr, aes256-ctr, aes128-gcm@openssh.com, aes256-gcm@openssh.com, aes128-cbc, aes192-cbc, aes256-cbc, blowfish-cbc, cast128-cbc, 3des-cbc
DEB [20250130-11:34:45.445] thr=1   paramiko.transport: server encrypt: chacha20-poly1305@openssh.com, aes128-ctr, aes192-ctr, aes256-ctr, aes128-gcm@openssh.com, aes256-gcm@openssh.com, aes128-cbc, aes192-cbc, aes256-cbc, blowfish-cbc, cast128-cbc, 3des-cbc
DEB [20250130-11:34:45.445] thr=1   paramiko.transport: client mac: umac-64-etm@openssh.com, umac-128-etm@openssh.com, hmac-sha2-256-etm@openssh.com, hmac-sha2-512-etm@openssh.com, hmac-sha1-etm@openssh.com, umac-64@openssh.com, umac-128@openssh.com, hmac-sha2-256, hmac-sha2-512, hmac-sha1
DEB [20250130-11:34:45.479] thr=1   paramiko.transport: server mac: umac-64-etm@openssh.com, umac-128-etm@openssh.com, hmac-sha2-256-etm@openssh.com, hmac-sha2-512-etm@openssh.com, hmac-sha1-etm@openssh.com, umac-64@openssh.com, umac-128@openssh.com, hmac-sha2-256, hmac-sha2-512, hmac-sha1
DEB [20250130-11:34:45.480] thr=1   paramiko.transport: client compress: none, zlib@openssh.com
DEB [20250130-11:34:45.481] thr=1   paramiko.transport: server compress: none, zlib@openssh.com
DEB [20250130-11:34:45.497] thr=1   paramiko.transport: client lang: <none>
DEB [20250130-11:34:45.497] thr=1   paramiko.transport: server lang: <none>
DEB [20250130-11:34:45.498] thr=1   paramiko.transport: kex follows: False
DEB [20250130-11:34:45.498] thr=1   paramiko.transport: === Key exchange agreements ===
DEB [20250130-11:34:45.498] thr=1   paramiko.transport: Kex: curve25519-sha256@libssh.org
DEB [20250130-11:34:45.499] thr=1   paramiko.transport: HostKey: ssh-ed25519
DEB [20250130-11:34:45.499] thr=1   paramiko.transport: Cipher: aes128-ctr
DEB [20250130-11:34:45.499] thr=1   paramiko.transport: MAC: hmac-sha2-256
DEB [20250130-11:34:45.499] thr=1   paramiko.transport: Compression: none
DEB [20250130-11:34:45.500] thr=1   paramiko.transport: === End of kex handshake ===
DEB [20250130-11:34:45.762] thr=1   paramiko.transport: kex engine KexCurve25519 specified hash_algo <built-in function openssl_sha256>
DEB [20250130-11:34:45.780] thr=1   paramiko.transport: Switch to new keys ...
DEB [20250130-11:34:45.783] thr=1   paramiko.transport: Got EXT_INFO: {'server-sig-algs': b'rsa-sha2-256,rsa-sha2-512'}
DEB [20250130-12:02:00.266] thr=1   paramiko.transport: starting thread (client mode): 0xa30667b0
DEB [20250130-12:02:00.278] thr=1   paramiko.transport: Local version/idstring: SSH-2.0-paramiko_3.5.0
DEB [20250130-12:02:00.279] thr=1   paramiko.transport: Remote version/idstring: SSH-2.0-OpenSSH_7.4
INF [20250130-12:02:00.279] thr=1   paramiko.transport: Connected (version 2.0, client OpenSSH_7.4)
DEB [20250130-12:02:00.293] thr=1   paramiko.transport: === Key exchange possibilities ===
DEB [20250130-12:02:00.293] thr=1   paramiko.transport: kex algos: curve25519-sha256, curve25519-sha256@libssh.org, ecdh-sha2-nistp256, ecdh-sha2-nistp384, ecdh-sha2-nistp521, diffie-hellman-group-exchange-sha256, diffie-hellman-group16-sha512, diffie-hellman-group18-sha512, diffie-hellman-group-exchange-sha1, diffie-hellman-group14-sha256, diffie-hellman-group14-sha1, diffie-hellman-group1-sha1
DEB [20250130-12:02:00.327] thr=1   paramiko.transport: server key: ssh-rsa, rsa-sha2-512, rsa-sha2-256, ecdsa-sha2-nistp256, ssh-ed25519
DEB [20250130-12:02:00.327] thr=1   paramiko.transport: client encrypt: chacha20-poly1305@openssh.com, aes128-ctr, aes192-ctr, aes256-ctr, aes128-gcm@openssh.com, aes256-gcm@openssh.com, aes128-cbc, aes192-cbc, aes256-cbc, blowfish-cbc, cast128-cbc, 3des-cbc
DEB [20250130-12:02:00.327] thr=1   paramiko.transport: server encrypt: chacha20-poly1305@openssh.com, aes128-ctr, aes192-ctr, aes256-ctr, aes128-gcm@openssh.com, aes256-gcm@openssh.com, aes128-cbc, aes192-cbc, aes256-cbc, blowfish-cbc, cast128-cbc, 3des-cbc
DEB [20250130-12:02:00.328] thr=1   paramiko.transport: client mac: umac-64-etm@openssh.com, umac-128-etm@openssh.com, hmac-sha2-256-etm@openssh.com, hmac-sha2-512-etm@openssh.com, hmac-sha1-etm@openssh.com, umac-64@openssh.com, umac-128@openssh.com, hmac-sha2-256, hmac-sha2-512, hmac-sha1
DEB [20250130-12:02:00.328] thr=1   paramiko.transport: server mac: umac-64-etm@openssh.com, umac-128-etm@openssh.com, hmac-sha2-256-etm@openssh.com, hmac-sha2-512-etm@openssh.com, hmac-sha1-etm@openssh.com, umac-64@openssh.com, umac-128@openssh.com, hmac-sha2-256, hmac-sha2-512, hmac-sha1
DEB [20250130-12:02:00.328] thr=1   paramiko.transport: client compress: none, zlib@openssh.com
DEB [20250130-12:02:00.329] thr=1   paramiko.transport: server compress: none, zlib@openssh.com
DEB [20250130-12:02:00.329] thr=1   paramiko.transport: client lang: <none>
DEB [20250130-12:02:00.329] thr=1   paramiko.transport: server lang: <none>
DEB [20250130-12:02:00.330] thr=1   paramiko.transport: kex follows: False
DEB [20250130-12:02:00.330] thr=1   paramiko.transport: === Key exchange agreements ===
DEB [20250130-12:02:00.330] thr=1   paramiko.transport: Kex: curve25519-sha256@libssh.org
DEB [20250130-12:02:00.330] thr=1   paramiko.transport: HostKey: ssh-ed25519
DEB [20250130-12:02:00.330] thr=1   paramiko.transport: Cipher: aes128-ctr
DEB [20250130-12:02:00.331] thr=1   paramiko.transport: MAC: hmac-sha2-256
DEB [20250130-12:02:00.331] thr=1   paramiko.transport: Compression: none
DEB [20250130-12:02:00.331] thr=1   paramiko.transport: === End of kex handshake ===
DEB [20250130-12:02:00.381] thr=1   paramiko.transport: kex engine KexCurve25519 specified hash_algo <built-in function openssl_sha256>
DEB [20250130-12:02:00.381] thr=1   paramiko.transport: Switch to new keys ...
DEB [20250130-12:02:00.410] thr=2   paramiko.transport: Adding ssh-ed25519 host key for 192.168.90.27: b'3e9c9ff9e6e699ad4334604b662d2432'
DEB [20250130-12:02:00.410] thr=1   paramiko.transport: Got EXT_INFO: {'server-sig-algs': b'rsa-sha2-256,rsa-sha2-512'}
DEB [20250130-12:02:01.023] thr=1   paramiko.transport: userauth is OK
INF [20250130-12:02:01.069] thr=1   paramiko.transport: Authentication (password) successful!
DEB [20250130-12:02:01.069] thr=2   paramiko.transport: [chan 0] Max packet in: 32768 bytes
DEB [20250130-12:02:01.359] thr=1   paramiko.transport: Received global request "hostkeys-00@openssh.com"
DEB [20250130-12:02:01.383] thr=1   paramiko.transport: Rejecting "hostkeys-00@openssh.com" global request from server.
DEB [20250130-12:02:01.403] thr=1   paramiko.transport: [chan 0] Max packet out: 32768 bytes
DEB [20250130-12:02:01.403] thr=1   paramiko.transport: Secsh channel 0 opened.
DEB [20250130-12:02:01.410] thr=1   paramiko.transport: [chan 0] Sesch channel 0 request ok
INF [20250130-12:02:01.413] thr=2   paramiko.transport.sftp: [chan 0] Opened sftp connection (server version 3)
DEB [20250130-12:02:01.414] thr=2   paramiko.transport.sftp: [chan 0] listdir(b'.')
INF [20250130-12:02:01.430] thr=2   paramiko.transport.sftp: [chan 0] sftp session closed.
DEB [20250130-12:02:01.430] thr=2   paramiko.transport: [chan 0] EOF sent (0)
DEB [20250130-12:02:01.431] thr=1   paramiko.transport: EOF in transport thread
DEB [20250130-12:02:01.474] thr=3   paramiko.transport: starting thread (client mode): 0xa30d1950
DEB [20250130-12:02:01.498] thr=3   paramiko.transport: Local version/idstring: SSH-2.0-paramiko_3.5.0
DEB [20250130-12:02:01.498] thr=3   paramiko.transport: Remote version/idstring: SSH-2.0-OpenSSH_7.4
INF [20250130-12:02:01.499] thr=3   paramiko.transport: Connected (version 2.0, client OpenSSH_7.4)
DEB [20250130-12:02:01.504] thr=3   paramiko.transport: === Key exchange possibilities ===
DEB [20250130-12:02:01.505] thr=3   paramiko.transport: kex algos: curve25519-sha256, curve25519-sha256@libssh.org, ecdh-sha2-nistp256, ecdh-sha2-nistp384, ecdh-sha2-nistp521, diffie-hellman-group-exchange-sha256, diffie-hellman-group16-sha512, diffie-hellman-group18-sha512, diffie-hellman-group-exchange-sha1, diffie-hellman-group14-sha256, diffie-hellman-group14-sha1, diffie-hellman-group1-sha1
DEB [20250130-12:02:01.505] thr=3   paramiko.transport: server key: ssh-rsa, rsa-sha2-512, rsa-sha2-256, ecdsa-sha2-nistp256, ssh-ed25519
DEB [20250130-12:02:01.539] thr=3   paramiko.transport: client encrypt: chacha20-poly1305@openssh.com, aes128-ctr, aes192-ctr, aes256-ctr, aes128-gcm@openssh.com, aes256-gcm@openssh.com, aes128-cbc, aes192-cbc, aes256-cbc, blowfish-cbc, cast128-cbc, 3des-cbc
DEB [20250130-12:02:01.539] thr=3   paramiko.transport: server encrypt: chacha20-poly1305@openssh.com, aes128-ctr, aes192-ctr, aes256-ctr, aes128-gcm@openssh.com, aes256-gcm@openssh.com, aes128-cbc, aes192-cbc, aes256-cbc, blowfish-cbc, cast128-cbc, 3des-cbc
DEB [20250130-12:02:01.540] thr=3   paramiko.transport: client mac: umac-64-etm@openssh.com, umac-128-etm@openssh.com, hmac-sha2-256-etm@openssh.com, hmac-sha2-512-etm@openssh.com, hmac-sha1-etm@openssh.com, umac-64@openssh.com, umac-128@openssh.com, hmac-sha2-256, hmac-sha2-512, hmac-sha1
DEB [20250130-12:02:01.540] thr=3   paramiko.transport: server mac: umac-64-etm@openssh.com, umac-128-etm@openssh.com, hmac-sha2-256-etm@openssh.com, hmac-sha2-512-etm@openssh.com, hmac-sha1-etm@openssh.com, umac-64@openssh.com, umac-128@openssh.com, hmac-sha2-256, hmac-sha2-512, hmac-sha1
DEB [20250130-12:02:01.540] thr=3   paramiko.transport: client compress: none, zlib@openssh.com
DEB [20250130-12:02:01.541] thr=3   paramiko.transport: server compress: none, zlib@openssh.com
DEB [20250130-12:02:01.541] thr=3   paramiko.transport: client lang: <none>
DEB [20250130-12:02:01.541] thr=3   paramiko.transport: server lang: <none>
DEB [20250130-12:02:01.547] thr=3   paramiko.transport: kex follows: False
DEB [20250130-12:02:01.548] thr=3   paramiko.transport: === Key exchange agreements ===
DEB [20250130-12:02:01.548] thr=3   paramiko.transport: Kex: curve25519-sha256@libssh.org
DEB [20250130-12:02:01.548] thr=3   paramiko.transport: HostKey: ssh-ed25519
DEB [20250130-12:02:01.548] thr=3   paramiko.transport: Cipher: aes128-ctr
DEB [20250130-12:02:01.548] thr=3   paramiko.transport: MAC: hmac-sha2-256
DEB [20250130-12:02:01.549] thr=3   paramiko.transport: Compression: none
DEB [20250130-12:02:01.549] thr=3   paramiko.transport: === End of kex handshake ===
DEB [20250130-12:02:01.568] thr=3   paramiko.transport: kex engine KexCurve25519 specified hash_algo <built-in function openssl_sha256>
DEB [20250130-12:02:01.594] thr=3   paramiko.transport: Switch to new keys ...
DEB [20250130-12:02:01.602] thr=3   paramiko.transport: Got EXT_INFO: {'server-sig-algs': b'rsa-sha2-256,rsa-sha2-512'}
DEB [20250130-12:02:01.602] thr=2   paramiko.transport: Adding ssh-ed25519 host key for 192.168.90.27: b'3e9c9ff9e6e699ad4334604b662d2432'
DEB [20250130-12:02:01.611] thr=3   paramiko.transport: userauth is OK
INF [20250130-12:02:01.655] thr=3   paramiko.transport: Authentication (password) successful!
DEB [20250130-12:02:01.656] thr=2   paramiko.transport: [chan 0] Max packet in: 32768 bytes
DEB [20250130-12:02:01.923] thr=3   paramiko.transport: Received global request "hostkeys-00@openssh.com"
DEB [20250130-12:02:01.923] thr=3   paramiko.transport: Rejecting "hostkeys-00@openssh.com" global request from server.
DEB [20250130-12:02:01.965] thr=3   paramiko.transport: [chan 0] Max packet out: 32768 bytes
DEB [20250130-12:02:01.966] thr=3   paramiko.transport: Secsh channel 0 opened.
DEB [20250130-12:02:01.977] thr=3   paramiko.transport: [chan 0] Sesch channel 0 request ok
INF [20250130-12:02:02.001] thr=2   paramiko.transport.sftp: [chan 0] Opened sftp connection (server version 3)
INF [20250130-12:02:02.085] thr=2   paramiko.transport.sftp: [chan 0] sftp session closed.
DEB [20250130-12:02:02.086] thr=2   paramiko.transport: [chan 0] EOF sent (0)
DEB [20250130-12:02:02.086] thr=3   paramiko.transport: EOF in transport thread
DEB [20250130-12:49:24.903] thr=1   paramiko.transport: starting thread (client mode): 0x65e967b0
DEB [20250130-12:49:24.941] thr=1   paramiko.transport: Local version/idstring: SSH-2.0-paramiko_3.5.0
DEB [20250130-12:49:24.942] thr=1   paramiko.transport: Remote version/idstring: SSH-2.0-OpenSSH_7.4
INF [20250130-12:49:24.948] thr=1   paramiko.transport: Connected (version 2.0, client OpenSSH_7.4)
DEB [20250130-12:49:24.950] thr=1   paramiko.transport: === Key exchange possibilities ===
DEB [20250130-12:49:24.974] thr=1   paramiko.transport: kex algos: curve25519-sha256, curve25519-sha256@libssh.org, ecdh-sha2-nistp256, ecdh-sha2-nistp384, ecdh-sha2-nistp521, diffie-hellman-group-exchange-sha256, diffie-hellman-group16-sha512, diffie-hellman-group18-sha512, diffie-hellman-group-exchange-sha1, diffie-hellman-group14-sha256, diffie-hellman-group14-sha1, diffie-hellman-group1-sha1
DEB [20250130-12:49:24.975] thr=1   paramiko.transport: server key: ssh-rsa, rsa-sha2-512, rsa-sha2-256, ecdsa-sha2-nistp256, ssh-ed25519
DEB [20250130-12:49:25.010] thr=1   paramiko.transport: client encrypt: chacha20-poly1305@openssh.com, aes128-ctr, aes192-ctr, aes256-ctr, aes128-gcm@openssh.com, aes256-gcm@openssh.com, aes128-cbc, aes192-cbc, aes256-cbc, blowfish-cbc, cast128-cbc, 3des-cbc
DEB [20250130-12:49:25.012] thr=1   paramiko.transport: server encrypt: chacha20-poly1305@openssh.com, aes128-ctr, aes192-ctr, aes256-ctr, aes128-gcm@openssh.com, aes256-gcm@openssh.com, aes128-cbc, aes192-cbc, aes256-cbc, blowfish-cbc, cast128-cbc, 3des-cbc
DEB [20250130-12:49:25.014] thr=1   paramiko.transport: client mac: umac-64-etm@openssh.com, umac-128-etm@openssh.com, hmac-sha2-256-etm@openssh.com, hmac-sha2-512-etm@openssh.com, hmac-sha1-etm@openssh.com, umac-64@openssh.com, umac-128@openssh.com, hmac-sha2-256, hmac-sha2-512, hmac-sha1
DEB [20250130-12:49:25.015] thr=1   paramiko.transport: server mac: umac-64-etm@openssh.com, umac-128-etm@openssh.com, hmac-sha2-256-etm@openssh.com, hmac-sha2-512-etm@openssh.com, hmac-sha1-etm@openssh.com, umac-64@openssh.com, umac-128@openssh.com, hmac-sha2-256, hmac-sha2-512, hmac-sha1
DEB [20250130-12:49:25.017] thr=1   paramiko.transport: client compress: none, zlib@openssh.com
DEB [20250130-12:49:25.043] thr=1   paramiko.transport: server compress: none, zlib@openssh.com
DEB [20250130-12:49:25.043] thr=1   paramiko.transport: client lang: <none>
DEB [20250130-12:49:25.044] thr=1   paramiko.transport: server lang: <none>
DEB [20250130-12:49:25.044] thr=1   paramiko.transport: kex follows: False
DEB [20250130-12:49:25.044] thr=1   paramiko.transport: === Key exchange agreements ===
DEB [20250130-12:49:25.045] thr=1   paramiko.transport: Kex: curve25519-sha256@libssh.org
DEB [20250130-12:49:25.045] thr=1   paramiko.transport: HostKey: ssh-ed25519
DEB [20250130-12:49:25.046] thr=1   paramiko.transport: Cipher: aes128-ctr
DEB [20250130-12:49:25.046] thr=1   paramiko.transport: MAC: hmac-sha2-256
DEB [20250130-12:49:25.046] thr=1   paramiko.transport: Compression: none
DEB [20250130-12:49:25.047] thr=1   paramiko.transport: === End of kex handshake ===
DEB [20250130-12:49:25.065] thr=1   paramiko.transport: kex engine KexCurve25519 specified hash_algo <built-in function openssl_sha256>
DEB [20250130-12:49:25.066] thr=1   paramiko.transport: Switch to new keys ...
DEB [20250130-12:49:25.107] thr=1   paramiko.transport: Got EXT_INFO: {'server-sig-algs': b'rsa-sha2-256,rsa-sha2-512'}
DEB [20250130-12:49:25.107] thr=2   paramiko.transport: Adding ssh-ed25519 host key for 192.168.90.27: b'3e9c9ff9e6e699ad4334604b662d2432'
DEB [20250130-12:49:25.591] thr=1   paramiko.transport: userauth is OK
INF [20250130-12:49:25.637] thr=1   paramiko.transport: Authentication (password) successful!
DEB [20250130-12:49:25.637] thr=2   paramiko.transport: [chan 0] Max packet in: 32768 bytes
DEB [20250130-12:49:25.961] thr=1   paramiko.transport: Received global request "hostkeys-00@openssh.com"
DEB [20250130-12:49:25.962] thr=1   paramiko.transport: Rejecting "hostkeys-00@openssh.com" global request from server.
DEB [20250130-12:49:26.008] thr=1   paramiko.transport: [chan 0] Max packet out: 32768 bytes
DEB [20250130-12:49:26.009] thr=1   paramiko.transport: Secsh channel 0 opened.
DEB [20250130-12:49:26.025] thr=1   paramiko.transport: [chan 0] Sesch channel 0 request ok
INF [20250130-12:49:26.030] thr=2   paramiko.transport.sftp: [chan 0] Opened sftp connection (server version 3)
DEB [20250130-12:49:26.031] thr=2   paramiko.transport.sftp: [chan 0] listdir(b'.')
INF [20250130-12:49:26.053] thr=2   paramiko.transport.sftp: [chan 0] sftp session closed.
DEB [20250130-12:49:26.054] thr=2   paramiko.transport: [chan 0] EOF sent (0)
DEB [20250130-12:49:26.055] thr=1   paramiko.transport: EOF in transport thread
DEB [20250130-12:49:26.106] thr=3   paramiko.transport: starting thread (client mode): 0x65f01950
DEB [20250130-12:49:26.107] thr=3   paramiko.transport: Local version/idstring: SSH-2.0-paramiko_3.5.0
DEB [20250130-12:49:26.120] thr=3   paramiko.transport: Remote version/idstring: SSH-2.0-OpenSSH_7.4
INF [20250130-12:49:26.121] thr=3   paramiko.transport: Connected (version 2.0, client OpenSSH_7.4)
DEB [20250130-12:49:26.128] thr=3   paramiko.transport: === Key exchange possibilities ===
DEB [20250130-12:49:26.131] thr=3   paramiko.transport: kex algos: curve25519-sha256, curve25519-sha256@libssh.org, ecdh-sha2-nistp256, ecdh-sha2-nistp384, ecdh-sha2-nistp521, diffie-hellman-group-exchange-sha256, diffie-hellman-group16-sha512, diffie-hellman-group18-sha512, diffie-hellman-group-exchange-sha1, diffie-hellman-group14-sha256, diffie-hellman-group14-sha1, diffie-hellman-group1-sha1
DEB [20250130-12:49:26.133] thr=3   paramiko.transport: server key: ssh-rsa, rsa-sha2-512, rsa-sha2-256, ecdsa-sha2-nistp256, ssh-ed25519
DEB [20250130-12:49:26.134] thr=3   paramiko.transport: client encrypt: chacha20-poly1305@openssh.com, aes128-ctr, aes192-ctr, aes256-ctr, aes128-gcm@openssh.com, aes256-gcm@openssh.com, aes128-cbc, aes192-cbc, aes256-cbc, blowfish-cbc, cast128-cbc, 3des-cbc
DEB [20250130-12:49:26.146] thr=3   paramiko.transport: server encrypt: chacha20-poly1305@openssh.com, aes128-ctr, aes192-ctr, aes256-ctr, aes128-gcm@openssh.com, aes256-gcm@openssh.com, aes128-cbc, aes192-cbc, aes256-cbc, blowfish-cbc, cast128-cbc, 3des-cbc
DEB [20250130-12:49:26.147] thr=3   paramiko.transport: client mac: umac-64-etm@openssh.com, umac-128-etm@openssh.com, hmac-sha2-256-etm@openssh.com, hmac-sha2-512-etm@openssh.com, hmac-sha1-etm@openssh.com, umac-64@openssh.com, umac-128@openssh.com, hmac-sha2-256, hmac-sha2-512, hmac-sha1
DEB [20250130-12:49:26.157] thr=3   paramiko.transport: server mac: umac-64-etm@openssh.com, umac-128-etm@openssh.com, hmac-sha2-256-etm@openssh.com, hmac-sha2-512-etm@openssh.com, hmac-sha1-etm@openssh.com, umac-64@openssh.com, umac-128@openssh.com, hmac-sha2-256, hmac-sha2-512, hmac-sha1
DEB [20250130-12:49:26.158] thr=3   paramiko.transport: client compress: none, zlib@openssh.com
DEB [20250130-12:49:26.158] thr=3   paramiko.transport: server compress: none, zlib@openssh.com
DEB [20250130-12:49:26.159] thr=3   paramiko.transport: client lang: <none>
DEB [20250130-12:49:26.161] thr=3   paramiko.transport: server lang: <none>
DEB [20250130-12:49:26.162] thr=3   paramiko.transport: kex follows: False
DEB [20250130-12:49:26.187] thr=3   paramiko.transport: === Key exchange agreements ===
DEB [20250130-12:49:26.188] thr=3   paramiko.transport: Kex: curve25519-sha256@libssh.org
DEB [20250130-12:49:26.188] thr=3   paramiko.transport: HostKey: ssh-ed25519
DEB [20250130-12:49:26.189] thr=3   paramiko.transport: Cipher: aes128-ctr
DEB [20250130-12:49:26.189] thr=3   paramiko.transport: MAC: hmac-sha2-256
DEB [20250130-12:49:26.190] thr=3   paramiko.transport: Compression: none
DEB [20250130-12:49:26.190] thr=3   paramiko.transport: === End of kex handshake ===
DEB [20250130-12:49:26.209] thr=3   paramiko.transport: kex engine KexCurve25519 specified hash_algo <built-in function openssl_sha256>
DEB [20250130-12:49:26.210] thr=3   paramiko.transport: Switch to new keys ...
DEB [20250130-12:49:26.210] thr=2   paramiko.transport: Adding ssh-ed25519 host key for 192.168.90.27: b'3e9c9ff9e6e699ad4334604b662d2432'
DEB [20250130-12:49:26.210] thr=3   paramiko.transport: Got EXT_INFO: {'server-sig-algs': b'rsa-sha2-256,rsa-sha2-512'}
DEB [20250130-12:49:26.250] thr=3   paramiko.transport: userauth is OK
INF [20250130-12:49:26.300] thr=3   paramiko.transport: Authentication (password) successful!
DEB [20250130-12:49:26.301] thr=2   paramiko.transport: [chan 0] Max packet in: 32768 bytes
DEB [20250130-12:49:26.596] thr=3   paramiko.transport: Received global request "hostkeys-00@openssh.com"
DEB [20250130-12:49:26.597] thr=3   paramiko.transport: Rejecting "hostkeys-00@openssh.com" global request from server.
DEB [20250130-12:49:26.644] thr=3   paramiko.transport: [chan 0] Max packet out: 32768 bytes
DEB [20250130-12:49:26.645] thr=3   paramiko.transport: Secsh channel 0 opened.
DEB [20250130-12:49:26.658] thr=3   paramiko.transport: [chan 0] Sesch channel 0 request ok
INF [20250130-12:49:26.662] thr=2   paramiko.transport.sftp: [chan 0] Opened sftp connection (server version 3)
INF [20250130-12:49:26.827] thr=2   paramiko.transport.sftp: [chan 0] sftp session closed.
DEB [20250130-12:49:26.828] thr=2   paramiko.transport: [chan 0] EOF sent (0)
DEB [20250130-12:49:26.828] thr=3   paramiko.transport: EOF in transport thread
DEB [20250130-14:03:28.632] thr=1   paramiko.transport: starting thread (client mode): 0x676667b0
DEB [20250130-14:03:28.632] thr=1   paramiko.transport: Local version/idstring: SSH-2.0-paramiko_3.5.0
DEB [20250130-14:03:28.633] thr=1   paramiko.transport: Remote version/idstring: SSH-2.0-OpenSSH_7.4
INF [20250130-14:03:28.633] thr=1   paramiko.transport: Connected (version 2.0, client OpenSSH_7.4)
DEB [20250130-14:03:28.642] thr=1   paramiko.transport: === Key exchange possibilities ===
DEB [20250130-14:03:28.654] thr=1   paramiko.transport: kex algos: curve25519-sha256, curve25519-sha256@libssh.org, ecdh-sha2-nistp256, ecdh-sha2-nistp384, ecdh-sha2-nistp521, diffie-hellman-group-exchange-sha256, diffie-hellman-group16-sha512, diffie-hellman-group18-sha512, diffie-hellman-group-exchange-sha1, diffie-hellman-group14-sha256, diffie-hellman-group14-sha1, diffie-hellman-group1-sha1
DEB [20250130-14:03:28.655] thr=1   paramiko.transport: server key: ssh-rsa, rsa-sha2-512, rsa-sha2-256, ecdsa-sha2-nistp256, ssh-ed25519
DEB [20250130-14:03:28.655] thr=1   paramiko.transport: client encrypt: chacha20-poly1305@openssh.com, aes128-ctr, aes192-ctr, aes256-ctr, aes128-gcm@openssh.com, aes256-gcm@openssh.com, aes128-cbc, aes192-cbc, aes256-cbc, blowfish-cbc, cast128-cbc, 3des-cbc
DEB [20250130-14:03:28.741] thr=1   paramiko.transport: server encrypt: chacha20-poly1305@openssh.com, aes128-ctr, aes192-ctr, aes256-ctr, aes128-gcm@openssh.com, aes256-gcm@openssh.com, aes128-cbc, aes192-cbc, aes256-cbc, blowfish-cbc, cast128-cbc, 3des-cbc
DEB [20250130-14:03:28.742] thr=1   paramiko.transport: client mac: umac-64-etm@openssh.com, umac-128-etm@openssh.com, hmac-sha2-256-etm@openssh.com, hmac-sha2-512-etm@openssh.com, hmac-sha1-etm@openssh.com, umac-64@openssh.com, umac-128@openssh.com, hmac-sha2-256, hmac-sha2-512, hmac-sha1
DEB [20250130-14:03:28.782] thr=1   paramiko.transport: server mac: umac-64-etm@openssh.com, umac-128-etm@openssh.com, hmac-sha2-256-etm@openssh.com, hmac-sha2-512-etm@openssh.com, hmac-sha1-etm@openssh.com, umac-64@openssh.com, umac-128@openssh.com, hmac-sha2-256, hmac-sha2-512, hmac-sha1
DEB [20250130-14:03:28.782] thr=1   paramiko.transport: client compress: none, zlib@openssh.com
DEB [20250130-14:03:28.821] thr=1   paramiko.transport: server compress: none, zlib@openssh.com
DEB [20250130-14:03:28.821] thr=1   paramiko.transport: client lang: <none>
DEB [20250130-14:03:28.821] thr=1   paramiko.transport: server lang: <none>
DEB [20250130-14:03:28.828] thr=1   paramiko.transport: kex follows: False
DEB [20250130-14:03:28.829] thr=1   paramiko.transport: === Key exchange agreements ===
DEB [20250130-14:03:28.830] thr=1   paramiko.transport: Kex: curve25519-sha256@libssh.org
DEB [20250130-14:03:28.830] thr=1   paramiko.transport: HostKey: ssh-ed25519
DEB [20250130-14:03:28.830] thr=1   paramiko.transport: Cipher: aes128-ctr
DEB [20250130-14:03:28.830] thr=1   paramiko.transport: MAC: hmac-sha2-256
DEB [20250130-14:03:28.831] thr=1   paramiko.transport: Compression: none
DEB [20250130-14:03:28.831] thr=1   paramiko.transport: === End of kex handshake ===
DEB [20250130-14:03:28.849] thr=1   paramiko.transport: kex engine KexCurve25519 specified hash_algo <built-in function openssl_sha256>
DEB [20250130-14:03:28.850] thr=1   paramiko.transport: Switch to new keys ...
DEB [20250130-14:03:28.850] thr=2   paramiko.transport: Adding ssh-ed25519 host key for 192.168.90.27: b'3e9c9ff9e6e699ad4334604b662d2432'
DEB [20250130-14:03:28.850] thr=1   paramiko.transport: Got EXT_INFO: {'server-sig-algs': b'rsa-sha2-256,rsa-sha2-512'}
DEB [20250130-14:03:28.971] thr=1   paramiko.transport: userauth is OK
INF [20250130-14:03:29.053] thr=1   paramiko.transport: Authentication (password) successful!
DEB [20250130-14:03:29.056] thr=2   paramiko.transport: [chan 0] Max packet in: 32768 bytes
DEB [20250130-14:03:29.350] thr=1   paramiko.transport: Received global request "hostkeys-00@openssh.com"
DEB [20250130-14:03:29.350] thr=1   paramiko.transport: Rejecting "hostkeys-00@openssh.com" global request from server.
DEB [20250130-14:03:29.394] thr=1   paramiko.transport: [chan 0] Max packet out: 32768 bytes
DEB [20250130-14:03:29.394] thr=1   paramiko.transport: Secsh channel 0 opened.
DEB [20250130-14:03:29.400] thr=1   paramiko.transport: [chan 0] Sesch channel 0 request ok
INF [20250130-14:03:29.402] thr=2   paramiko.transport.sftp: [chan 0] Opened sftp connection (server version 3)
DEB [20250130-14:03:29.402] thr=2   paramiko.transport.sftp: [chan 0] listdir(b'.')
INF [20250130-14:03:29.411] thr=2   paramiko.transport.sftp: [chan 0] sftp session closed.
DEB [20250130-14:03:29.411] thr=2   paramiko.transport: [chan 0] EOF sent (0)
DEB [20250130-14:03:29.412] thr=1   paramiko.transport: EOF in transport thread
DEB [20250130-14:03:29.419] thr=3   paramiko.transport: starting thread (client mode): 0x676d1950
DEB [20250130-14:03:29.419] thr=3   paramiko.transport: Local version/idstring: SSH-2.0-paramiko_3.5.0
DEB [20250130-14:03:29.436] thr=3   paramiko.transport: Remote version/idstring: SSH-2.0-OpenSSH_7.4
INF [20250130-14:03:29.436] thr=3   paramiko.transport: Connected (version 2.0, client OpenSSH_7.4)
DEB [20250130-14:03:29.442] thr=3   paramiko.transport: === Key exchange possibilities ===
DEB [20250130-14:03:29.443] thr=3   paramiko.transport: kex algos: curve25519-sha256, curve25519-sha256@libssh.org, ecdh-sha2-nistp256, ecdh-sha2-nistp384, ecdh-sha2-nistp521, diffie-hellman-group-exchange-sha256, diffie-hellman-group16-sha512, diffie-hellman-group18-sha512, diffie-hellman-group-exchange-sha1, diffie-hellman-group14-sha256, diffie-hellman-group14-sha1, diffie-hellman-group1-sha1
DEB [20250130-14:03:29.443] thr=3   paramiko.transport: server key: ssh-rsa, rsa-sha2-512, rsa-sha2-256, ecdsa-sha2-nistp256, ssh-ed25519
DEB [20250130-14:03:29.444] thr=3   paramiko.transport: client encrypt: chacha20-poly1305@openssh.com, aes128-ctr, aes192-ctr, aes256-ctr, aes128-gcm@openssh.com, aes256-gcm@openssh.com, aes128-cbc, aes192-cbc, aes256-cbc, blowfish-cbc, cast128-cbc, 3des-cbc
DEB [20250130-14:03:29.444] thr=3   paramiko.transport: server encrypt: chacha20-poly1305@openssh.com, aes128-ctr, aes192-ctr, aes256-ctr, aes128-gcm@openssh.com, aes256-gcm@openssh.com, aes128-cbc, aes192-cbc, aes256-cbc, blowfish-cbc, cast128-cbc, 3des-cbc
DEB [20250130-14:03:29.468] thr=3   paramiko.transport: client mac: umac-64-etm@openssh.com, umac-128-etm@openssh.com, hmac-sha2-256-etm@openssh.com, hmac-sha2-512-etm@openssh.com, hmac-sha1-etm@openssh.com, umac-64@openssh.com, umac-128@openssh.com, hmac-sha2-256, hmac-sha2-512, hmac-sha1
DEB [20250130-14:03:29.468] thr=3   paramiko.transport: server mac: umac-64-etm@openssh.com, umac-128-etm@openssh.com, hmac-sha2-256-etm@openssh.com, hmac-sha2-512-etm@openssh.com, hmac-sha1-etm@openssh.com, umac-64@openssh.com, umac-128@openssh.com, hmac-sha2-256, hmac-sha2-512, hmac-sha1
DEB [20250130-14:03:29.469] thr=3   paramiko.transport: client compress: none, zlib@openssh.com
DEB [20250130-14:03:29.469] thr=3   paramiko.transport: server compress: none, zlib@openssh.com
DEB [20250130-14:03:29.469] thr=3   paramiko.transport: client lang: <none>
DEB [20250130-14:03:29.511] thr=3   paramiko.transport: server lang: <none>
DEB [20250130-14:03:29.519] thr=3   paramiko.transport: kex follows: False
DEB [20250130-14:03:29.519] thr=3   paramiko.transport: === Key exchange agreements ===
DEB [20250130-14:03:29.520] thr=3   paramiko.transport: Kex: curve25519-sha256@libssh.org
DEB [20250130-14:03:29.520] thr=3   paramiko.transport: HostKey: ssh-ed25519
DEB [20250130-14:03:29.520] thr=3   paramiko.transport: Cipher: aes128-ctr
DEB [20250130-14:03:29.520] thr=3   paramiko.transport: MAC: hmac-sha2-256
DEB [20250130-14:03:29.521] thr=3   paramiko.transport: Compression: none
DEB [20250130-14:03:29.521] thr=3   paramiko.transport: === End of kex handshake ===
DEB [20250130-14:03:29.538] thr=3   paramiko.transport: kex engine KexCurve25519 specified hash_algo <built-in function openssl_sha256>
DEB [20250130-14:03:29.539] thr=3   paramiko.transport: Switch to new keys ...
DEB [20250130-14:03:29.539] thr=2   paramiko.transport: Adding ssh-ed25519 host key for 192.168.90.27: b'3e9c9ff9e6e699ad4334604b662d2432'
DEB [20250130-14:03:29.539] thr=3   paramiko.transport: Got EXT_INFO: {'server-sig-algs': b'rsa-sha2-256,rsa-sha2-512'}
DEB [20250130-14:03:29.580] thr=3   paramiko.transport: userauth is OK
INF [20250130-14:03:29.625] thr=3   paramiko.transport: Authentication (password) successful!
DEB [20250130-14:03:29.625] thr=2   paramiko.transport: [chan 0] Max packet in: 32768 bytes
DEB [20250130-14:03:29.897] thr=3   paramiko.transport: Received global request "hostkeys-00@openssh.com"
DEB [20250130-14:03:29.897] thr=3   paramiko.transport: Rejecting "hostkeys-00@openssh.com" global request from server.
DEB [20250130-14:03:29.946] thr=3   paramiko.transport: [chan 0] Max packet out: 32768 bytes
DEB [20250130-14:03:29.946] thr=3   paramiko.transport: Secsh channel 0 opened.
DEB [20250130-14:03:29.952] thr=3   paramiko.transport: [chan 0] Sesch channel 0 request ok
INF [20250130-14:03:29.954] thr=2   paramiko.transport.sftp: [chan 0] Opened sftp connection (server version 3)
INF [20250130-14:03:29.997] thr=2   paramiko.transport.sftp: [chan 0] sftp session closed.
DEB [20250130-14:03:29.998] thr=2   paramiko.transport: [chan 0] EOF sent (0)
DEB [20250130-14:03:29.998] thr=3   paramiko.transport: EOF in transport thread
DEB [20250130-14:08:54.300] thr=1   paramiko.transport: starting thread (client mode): 0x514267b0
DEB [20250130-14:08:54.338] thr=1   paramiko.transport: Local version/idstring: SSH-2.0-paramiko_3.5.0
DEB [20250130-14:08:54.338] thr=1   paramiko.transport: Remote version/idstring: SSH-2.0-OpenSSH_7.4
INF [20250130-14:08:54.338] thr=1   paramiko.transport: Connected (version 2.0, client OpenSSH_7.4)
DEB [20250130-14:08:54.344] thr=1   paramiko.transport: === Key exchange possibilities ===
DEB [20250130-14:08:54.344] thr=1   paramiko.transport: kex algos: curve25519-sha256, curve25519-sha256@libssh.org, ecdh-sha2-nistp256, ecdh-sha2-nistp384, ecdh-sha2-nistp521, diffie-hellman-group-exchange-sha256, diffie-hellman-group16-sha512, diffie-hellman-group18-sha512, diffie-hellman-group-exchange-sha1, diffie-hellman-group14-sha256, diffie-hellman-group14-sha1, diffie-hellman-group1-sha1
DEB [20250130-14:08:54.401] thr=1   paramiko.transport: server key: ssh-rsa, rsa-sha2-512, rsa-sha2-256, ecdsa-sha2-nistp256, ssh-ed25519
DEB [20250130-14:08:54.402] thr=1   paramiko.transport: client encrypt: chacha20-poly1305@openssh.com, aes128-ctr, aes192-ctr, aes256-ctr, aes128-gcm@openssh.com, aes256-gcm@openssh.com, aes128-cbc, aes192-cbc, aes256-cbc, blowfish-cbc, cast128-cbc, 3des-cbc
DEB [20250130-14:08:54.402] thr=1   paramiko.transport: server encrypt: chacha20-poly1305@openssh.com, aes128-ctr, aes192-ctr, aes256-ctr, aes128-gcm@openssh.com, aes256-gcm@openssh.com, aes128-cbc, aes192-cbc, aes256-cbc, blowfish-cbc, cast128-cbc, 3des-cbc
DEB [20250130-14:08:54.402] thr=1   paramiko.transport: client mac: umac-64-etm@openssh.com, umac-128-etm@openssh.com, hmac-sha2-256-etm@openssh.com, hmac-sha2-512-etm@openssh.com, hmac-sha1-etm@openssh.com, umac-64@openssh.com, umac-128@openssh.com, hmac-sha2-256, hmac-sha2-512, hmac-sha1
DEB [20250130-14:08:54.403] thr=1   paramiko.transport: server mac: umac-64-etm@openssh.com, umac-128-etm@openssh.com, hmac-sha2-256-etm@openssh.com, hmac-sha2-512-etm@openssh.com, hmac-sha1-etm@openssh.com, umac-64@openssh.com, umac-128@openssh.com, hmac-sha2-256, hmac-sha2-512, hmac-sha1
DEB [20250130-14:08:54.403] thr=1   paramiko.transport: client compress: none, zlib@openssh.com
DEB [20250130-14:08:54.420] thr=1   paramiko.transport: server compress: none, zlib@openssh.com
DEB [20250130-14:08:54.420] thr=1   paramiko.transport: client lang: <none>
DEB [20250130-14:08:54.420] thr=1   paramiko.transport: server lang: <none>
DEB [20250130-14:08:54.421] thr=1   paramiko.transport: kex follows: False
DEB [20250130-14:08:54.421] thr=1   paramiko.transport: === Key exchange agreements ===
DEB [20250130-14:08:54.421] thr=1   paramiko.transport: Kex: curve25519-sha256@libssh.org
DEB [20250130-14:08:54.421] thr=1   paramiko.transport: HostKey: ssh-ed25519
DEB [20250130-14:08:54.421] thr=1   paramiko.transport: Cipher: aes128-ctr
DEB [20250130-14:08:54.421] thr=1   paramiko.transport: MAC: hmac-sha2-256
DEB [20250130-14:08:54.422] thr=1   paramiko.transport: Compression: none
DEB [20250130-14:08:54.423] thr=1   paramiko.transport: === End of kex handshake ===
DEB [20250130-14:08:54.454] thr=1   paramiko.transport: kex engine KexCurve25519 specified hash_algo <built-in function openssl_sha256>
DEB [20250130-14:08:54.455] thr=1   paramiko.transport: Switch to new keys ...
DEB [20250130-14:08:54.458] thr=2   paramiko.transport: Adding ssh-ed25519 host key for 192.168.90.27: b'3e9c9ff9e6e699ad4334604b662d2432'
DEB [20250130-14:08:54.459] thr=1   paramiko.transport: Got EXT_INFO: {'server-sig-algs': b'rsa-sha2-256,rsa-sha2-512'}
DEB [20250130-14:08:54.675] thr=1   paramiko.transport: userauth is OK
INF [20250130-14:08:54.721] thr=1   paramiko.transport: Authentication (password) successful!
DEB [20250130-14:08:54.733] thr=2   paramiko.transport: [chan 0] Max packet in: 32768 bytes
DEB [20250130-14:08:55.089] thr=1   paramiko.transport: Received global request "hostkeys-00@openssh.com"
DEB [20250130-14:08:55.090] thr=1   paramiko.transport: Rejecting "hostkeys-00@openssh.com" global request from server.
DEB [20250130-14:08:55.130] thr=1   paramiko.transport: [chan 0] Max packet out: 32768 bytes
DEB [20250130-14:08:55.131] thr=1   paramiko.transport: Secsh channel 0 opened.
DEB [20250130-14:08:55.137] thr=1   paramiko.transport: [chan 0] Sesch channel 0 request ok
INF [20250130-14:08:55.139] thr=2   paramiko.transport.sftp: [chan 0] Opened sftp connection (server version 3)
DEB [20250130-14:08:55.140] thr=2   paramiko.transport.sftp: [chan 0] listdir(b'.')
INF [20250130-14:08:55.150] thr=2   paramiko.transport.sftp: [chan 0] sftp session closed.
DEB [20250130-14:08:55.150] thr=2   paramiko.transport: [chan 0] EOF sent (0)
DEB [20250130-14:08:55.151] thr=1   paramiko.transport: EOF in transport thread
DEB [20250130-14:08:55.213] thr=3   paramiko.transport: starting thread (client mode): 0x51491950
DEB [20250130-14:08:55.214] thr=3   paramiko.transport: Local version/idstring: SSH-2.0-paramiko_3.5.0
DEB [20250130-14:08:55.230] thr=3   paramiko.transport: Remote version/idstring: SSH-2.0-OpenSSH_7.4
INF [20250130-14:08:55.231] thr=3   paramiko.transport: Connected (version 2.0, client OpenSSH_7.4)
DEB [20250130-14:08:55.236] thr=3   paramiko.transport: === Key exchange possibilities ===
DEB [20250130-14:08:55.236] thr=3   paramiko.transport: kex algos: curve25519-sha256, curve25519-sha256@libssh.org, ecdh-sha2-nistp256, ecdh-sha2-nistp384, ecdh-sha2-nistp521, diffie-hellman-group-exchange-sha256, diffie-hellman-group16-sha512, diffie-hellman-group18-sha512, diffie-hellman-group-exchange-sha1, diffie-hellman-group14-sha256, diffie-hellman-group14-sha1, diffie-hellman-group1-sha1
DEB [20250130-14:08:55.237] thr=3   paramiko.transport: server key: ssh-rsa, rsa-sha2-512, rsa-sha2-256, ecdsa-sha2-nistp256, ssh-ed25519
DEB [20250130-14:08:55.238] thr=3   paramiko.transport: client encrypt: chacha20-poly1305@openssh.com, aes128-ctr, aes192-ctr, aes256-ctr, aes128-gcm@openssh.com, aes256-gcm@openssh.com, aes128-cbc, aes192-cbc, aes256-cbc, blowfish-cbc, cast128-cbc, 3des-cbc
DEB [20250130-14:08:55.238] thr=3   paramiko.transport: server encrypt: chacha20-poly1305@openssh.com, aes128-ctr, aes192-ctr, aes256-ctr, aes128-gcm@openssh.com, aes256-gcm@openssh.com, aes128-cbc, aes192-cbc, aes256-cbc, blowfish-cbc, cast128-cbc, 3des-cbc
DEB [20250130-14:08:55.239] thr=3   paramiko.transport: client mac: umac-64-etm@openssh.com, umac-128-etm@openssh.com, hmac-sha2-256-etm@openssh.com, hmac-sha2-512-etm@openssh.com, hmac-sha1-etm@openssh.com, umac-64@openssh.com, umac-128@openssh.com, hmac-sha2-256, hmac-sha2-512, hmac-sha1
DEB [20250130-14:08:55.240] thr=3   paramiko.transport: server mac: umac-64-etm@openssh.com, umac-128-etm@openssh.com, hmac-sha2-256-etm@openssh.com, hmac-sha2-512-etm@openssh.com, hmac-sha1-etm@openssh.com, umac-64@openssh.com, umac-128@openssh.com, hmac-sha2-256, hmac-sha2-512, hmac-sha1
DEB [20250130-14:08:55.240] thr=3   paramiko.transport: client compress: none, zlib@openssh.com
DEB [20250130-14:08:55.241] thr=3   paramiko.transport: server compress: none, zlib@openssh.com
DEB [20250130-14:08:55.241] thr=3   paramiko.transport: client lang: <none>
DEB [20250130-14:08:55.242] thr=3   paramiko.transport: server lang: <none>
DEB [20250130-14:08:55.243] thr=3   paramiko.transport: kex follows: False
DEB [20250130-14:08:55.246] thr=3   paramiko.transport: === Key exchange agreements ===
DEB [20250130-14:08:55.246] thr=3   paramiko.transport: Kex: curve25519-sha256@libssh.org
DEB [20250130-14:08:55.247] thr=3   paramiko.transport: HostKey: ssh-ed25519
DEB [20250130-14:08:55.249] thr=3   paramiko.transport: Cipher: aes128-ctr
DEB [20250130-14:08:55.250] thr=3   paramiko.transport: MAC: hmac-sha2-256
DEB [20250130-14:08:55.250] thr=3   paramiko.transport: Compression: none
DEB [20250130-14:08:55.251] thr=3   paramiko.transport: === End of kex handshake ===
DEB [20250130-14:08:55.269] thr=3   paramiko.transport: kex engine KexCurve25519 specified hash_algo <built-in function openssl_sha256>
DEB [20250130-14:08:55.270] thr=3   paramiko.transport: Switch to new keys ...
DEB [20250130-14:08:55.271] thr=2   paramiko.transport: Adding ssh-ed25519 host key for 192.168.90.27: b'3e9c9ff9e6e699ad4334604b662d2432'
DEB [20250130-14:08:55.272] thr=3   paramiko.transport: Got EXT_INFO: {'server-sig-algs': b'rsa-sha2-256,rsa-sha2-512'}
DEB [20250130-14:08:55.312] thr=3   paramiko.transport: userauth is OK
INF [20250130-14:08:55.373] thr=3   paramiko.transport: Authentication (password) successful!
DEB [20250130-14:08:55.373] thr=2   paramiko.transport: [chan 0] Max packet in: 32768 bytes
DEB [20250130-14:08:55.656] thr=3   paramiko.transport: Received global request "hostkeys-00@openssh.com"
DEB [20250130-14:08:55.657] thr=3   paramiko.transport: Rejecting "hostkeys-00@openssh.com" global request from server.
DEB [20250130-14:08:55.704] thr=3   paramiko.transport: [chan 0] Max packet out: 32768 bytes
DEB [20250130-14:08:55.705] thr=3   paramiko.transport: Secsh channel 0 opened.
DEB [20250130-14:08:55.712] thr=3   paramiko.transport: [chan 0] Sesch channel 0 request ok
INF [20250130-14:08:55.717] thr=2   paramiko.transport.sftp: [chan 0] Opened sftp connection (server version 3)
INF [20250130-14:08:55.768] thr=2   paramiko.transport.sftp: [chan 0] sftp session closed.
DEB [20250130-14:08:55.768] thr=2   paramiko.transport: [chan 0] EOF sent (0)
DEB [20250130-14:08:55.769] thr=3   paramiko.transport: EOF in transport thread
DEB [20250130-14:44:11.440] thr=1   paramiko.transport: starting thread (client mode): 0x33f667b0
DEB [20250130-14:44:11.479] thr=1   paramiko.transport: Local version/idstring: SSH-2.0-paramiko_3.5.0
DEB [20250130-14:44:11.479] thr=1   paramiko.transport: Remote version/idstring: SSH-2.0-OpenSSH_7.4
INF [20250130-14:44:11.480] thr=1   paramiko.transport: Connected (version 2.0, client OpenSSH_7.4)
DEB [20250130-14:44:11.483] thr=1   paramiko.transport: === Key exchange possibilities ===
DEB [20250130-14:44:11.483] thr=1   paramiko.transport: kex algos: curve25519-sha256, curve25519-sha256@libssh.org, ecdh-sha2-nistp256, ecdh-sha2-nistp384, ecdh-sha2-nistp521, diffie-hellman-group-exchange-sha256, diffie-hellman-group16-sha512, diffie-hellman-group18-sha512, diffie-hellman-group-exchange-sha1, diffie-hellman-group14-sha256, diffie-hellman-group14-sha1, diffie-hellman-group1-sha1
DEB [20250130-14:44:11.484] thr=1   paramiko.transport: server key: ssh-rsa, rsa-sha2-512, rsa-sha2-256, ecdsa-sha2-nistp256, ssh-ed25519
DEB [20250130-14:44:11.484] thr=1   paramiko.transport: client encrypt: chacha20-poly1305@openssh.com, aes128-ctr, aes192-ctr, aes256-ctr, aes128-gcm@openssh.com, aes256-gcm@openssh.com, aes128-cbc, aes192-cbc, aes256-cbc, blowfish-cbc, cast128-cbc, 3des-cbc
DEB [20250130-14:44:11.497] thr=1   paramiko.transport: server encrypt: chacha20-poly1305@openssh.com, aes128-ctr, aes192-ctr, aes256-ctr, aes128-gcm@openssh.com, aes256-gcm@openssh.com, aes128-cbc, aes192-cbc, aes256-cbc, blowfish-cbc, cast128-cbc, 3des-cbc
DEB [20250130-14:44:11.497] thr=1   paramiko.transport: client mac: umac-64-etm@openssh.com, umac-128-etm@openssh.com, hmac-sha2-256-etm@openssh.com, hmac-sha2-512-etm@openssh.com, hmac-sha1-etm@openssh.com, umac-64@openssh.com, umac-128@openssh.com, hmac-sha2-256, hmac-sha2-512, hmac-sha1
DEB [20250130-14:44:11.498] thr=1   paramiko.transport: server mac: umac-64-etm@openssh.com, umac-128-etm@openssh.com, hmac-sha2-256-etm@openssh.com, hmac-sha2-512-etm@openssh.com, hmac-sha1-etm@openssh.com, umac-64@openssh.com, umac-128@openssh.com, hmac-sha2-256, hmac-sha2-512, hmac-sha1
DEB [20250130-14:44:11.498] thr=1   paramiko.transport: client compress: none, zlib@openssh.com
DEB [20250130-14:44:11.498] thr=1   paramiko.transport: server compress: none, zlib@openssh.com
DEB [20250130-14:44:11.503] thr=1   paramiko.transport: client lang: <none>
DEB [20250130-14:44:11.504] thr=1   paramiko.transport: server lang: <none>
DEB [20250130-14:44:11.504] thr=1   paramiko.transport: kex follows: False
DEB [20250130-14:44:11.504] thr=1   paramiko.transport: === Key exchange agreements ===
DEB [20250130-14:44:11.504] thr=1   paramiko.transport: Kex: curve25519-sha256@libssh.org
DEB [20250130-14:44:11.504] thr=1   paramiko.transport: HostKey: ssh-ed25519
DEB [20250130-14:44:11.505] thr=1   paramiko.transport: Cipher: aes128-ctr
DEB [20250130-14:44:11.505] thr=1   paramiko.transport: MAC: hmac-sha2-256
DEB [20250130-14:44:11.505] thr=1   paramiko.transport: Compression: none
DEB [20250130-14:44:11.505] thr=1   paramiko.transport: === End of kex handshake ===
DEB [20250130-14:44:11.541] thr=1   paramiko.transport: kex engine KexCurve25519 specified hash_algo <built-in function openssl_sha256>
DEB [20250130-14:44:11.541] thr=1   paramiko.transport: Switch to new keys ...
DEB [20250130-14:44:11.566] thr=2   paramiko.transport: Adding ssh-ed25519 host key for 192.168.90.27: b'3e9c9ff9e6e699ad4334604b662d2432'
DEB [20250130-14:44:11.749] thr=1   paramiko.transport: Got EXT_INFO: {'server-sig-algs': b'rsa-sha2-256,rsa-sha2-512'}
DEB [20250130-14:44:12.156] thr=1   paramiko.transport: userauth is OK
INF [20250130-14:44:12.203] thr=1   paramiko.transport: Authentication (password) successful!
DEB [20250130-14:44:12.203] thr=2   paramiko.transport: [chan 0] Max packet in: 32768 bytes
DEB [20250130-14:44:12.512] thr=1   paramiko.transport: Received global request "hostkeys-00@openssh.com"
DEB [20250130-14:44:12.513] thr=1   paramiko.transport: Rejecting "hostkeys-00@openssh.com" global request from server.
DEB [20250130-14:44:12.555] thr=1   paramiko.transport: [chan 0] Max packet out: 32768 bytes
DEB [20250130-14:44:12.556] thr=1   paramiko.transport: Secsh channel 0 opened.
DEB [20250130-14:44:12.616] thr=1   paramiko.transport: [chan 0] Sesch channel 0 request ok
INF [20250130-14:44:12.739] thr=2   paramiko.transport.sftp: [chan 0] Opened sftp connection (server version 3)
DEB [20250130-14:44:12.740] thr=2   paramiko.transport.sftp: [chan 0] listdir(b'.')
INF [20250130-14:44:12.749] thr=2   paramiko.transport.sftp: [chan 0] sftp session closed.
DEB [20250130-14:44:12.749] thr=2   paramiko.transport: [chan 0] EOF sent (0)
DEB [20250130-14:44:12.835] thr=1   paramiko.transport: EOF in transport thread
DEB [20250130-14:44:12.893] thr=3   paramiko.transport: starting thread (client mode): 0x33fd1950
DEB [20250130-14:44:12.893] thr=3   paramiko.transport: Local version/idstring: SSH-2.0-paramiko_3.5.0
DEB [20250130-14:44:12.912] thr=3   paramiko.transport: Remote version/idstring: SSH-2.0-OpenSSH_7.4
INF [20250130-14:44:12.913] thr=3   paramiko.transport: Connected (version 2.0, client OpenSSH_7.4)
DEB [20250130-14:44:12.919] thr=3   paramiko.transport: === Key exchange possibilities ===
DEB [20250130-14:44:12.919] thr=3   paramiko.transport: kex algos: curve25519-sha256, curve25519-sha256@libssh.org, ecdh-sha2-nistp256, ecdh-sha2-nistp384, ecdh-sha2-nistp521, diffie-hellman-group-exchange-sha256, diffie-hellman-group16-sha512, diffie-hellman-group18-sha512, diffie-hellman-group-exchange-sha1, diffie-hellman-group14-sha256, diffie-hellman-group14-sha1, diffie-hellman-group1-sha1
DEB [20250130-14:44:12.920] thr=3   paramiko.transport: server key: ssh-rsa, rsa-sha2-512, rsa-sha2-256, ecdsa-sha2-nistp256, ssh-ed25519
DEB [20250130-14:44:12.920] thr=3   paramiko.transport: client encrypt: chacha20-poly1305@openssh.com, aes128-ctr, aes192-ctr, aes256-ctr, aes128-gcm@openssh.com, aes256-gcm@openssh.com, aes128-cbc, aes192-cbc, aes256-cbc, blowfish-cbc, cast128-cbc, 3des-cbc
DEB [20250130-14:44:12.921] thr=3   paramiko.transport: server encrypt: chacha20-poly1305@openssh.com, aes128-ctr, aes192-ctr, aes256-ctr, aes128-gcm@openssh.com, aes256-gcm@openssh.com, aes128-cbc, aes192-cbc, aes256-cbc, blowfish-cbc, cast128-cbc, 3des-cbc
DEB [20250130-14:44:12.922] thr=3   paramiko.transport: client mac: umac-64-etm@openssh.com, umac-128-etm@openssh.com, hmac-sha2-256-etm@openssh.com, hmac-sha2-512-etm@openssh.com, hmac-sha1-etm@openssh.com, umac-64@openssh.com, umac-128@openssh.com, hmac-sha2-256, hmac-sha2-512, hmac-sha1
DEB [20250130-14:44:12.922] thr=3   paramiko.transport: server mac: umac-64-etm@openssh.com, umac-128-etm@openssh.com, hmac-sha2-256-etm@openssh.com, hmac-sha2-512-etm@openssh.com, hmac-sha1-etm@openssh.com, umac-64@openssh.com, umac-128@openssh.com, hmac-sha2-256, hmac-sha2-512, hmac-sha1
DEB [20250130-14:44:12.923] thr=3   paramiko.transport: client compress: none, zlib@openssh.com
DEB [20250130-14:44:12.923] thr=3   paramiko.transport: server compress: none, zlib@openssh.com
DEB [20250130-14:44:12.923] thr=3   paramiko.transport: client lang: <none>
DEB [20250130-14:44:12.924] thr=3   paramiko.transport: server lang: <none>
DEB [20250130-14:44:12.924] thr=3   paramiko.transport: kex follows: False
DEB [20250130-14:44:12.924] thr=3   paramiko.transport: === Key exchange agreements ===
DEB [20250130-14:44:12.925] thr=3   paramiko.transport: Kex: curve25519-sha256@libssh.org
DEB [20250130-14:44:12.925] thr=3   paramiko.transport: HostKey: ssh-ed25519
DEB [20250130-14:44:12.926] thr=3   paramiko.transport: Cipher: aes128-ctr
DEB [20250130-14:44:12.926] thr=3   paramiko.transport: MAC: hmac-sha2-256
DEB [20250130-14:44:12.926] thr=3   paramiko.transport: Compression: none
DEB [20250130-14:44:12.927] thr=3   paramiko.transport: === End of kex handshake ===
DEB [20250130-14:44:12.944] thr=3   paramiko.transport: kex engine KexCurve25519 specified hash_algo <built-in function openssl_sha256>
DEB [20250130-14:44:13.077] thr=3   paramiko.transport: Switch to new keys ...
DEB [20250130-14:44:13.078] thr=2   paramiko.transport: Adding ssh-ed25519 host key for 192.168.90.27: b'3e9c9ff9e6e699ad4334604b662d2432'
DEB [20250130-14:44:13.078] thr=3   paramiko.transport: Got EXT_INFO: {'server-sig-algs': b'rsa-sha2-256,rsa-sha2-512'}
DEB [20250130-14:44:13.096] thr=3   paramiko.transport: userauth is OK
INF [20250130-14:44:13.165] thr=3   paramiko.transport: Authentication (password) successful!
DEB [20250130-14:44:13.166] thr=2   paramiko.transport: [chan 0] Max packet in: 32768 bytes
DEB [20250130-14:44:13.443] thr=3   paramiko.transport: Received global request "hostkeys-00@openssh.com"
DEB [20250130-14:44:13.443] thr=3   paramiko.transport: Rejecting "hostkeys-00@openssh.com" global request from server.
DEB [20250130-14:44:13.489] thr=3   paramiko.transport: [chan 0] Max packet out: 32768 bytes
DEB [20250130-14:44:13.492] thr=3   paramiko.transport: Secsh channel 0 opened.
DEB [20250130-14:44:13.499] thr=3   paramiko.transport: [chan 0] Sesch channel 0 request ok
INF [20250130-14:44:13.502] thr=2   paramiko.transport.sftp: [chan 0] Opened sftp connection (server version 3)
INF [20250130-14:44:14.257] thr=2   paramiko.transport.sftp: [chan 0] sftp session closed.
DEB [20250130-14:44:14.257] thr=2   paramiko.transport: [chan 0] EOF sent (0)
DEB [20250130-14:44:14.258] thr=3   paramiko.transport: EOF in transport thread
